npm ERR! Lifecycle script `3005` failed with error: 
npm ERR! Error: Missing script: "3005"

To see a list of scripts, run:
  npm run 
npm ERR!   in workspace: @chawkbazar/shop@2.2.2 
npm ERR!   at location: /var/www/zweler.com/chawkbazar/shop 
npm ERR! Missing script: 3005

npm ERR! A complete log of this run can be found in:
npm ERR!     /root/.npm/_logs/2024-03-20T21_14_31_928Z-debug-0.log

> @chawkbazar/shop@2.2.2 dev
> next dev -p 3005 --port 3005

ready - started server on 0.0.0.0:3005, url: http://localhost:3005
info  - Loaded env from /var/www/zweler.com/chawkbazar/shop/.env

> @chawkbazar/shop@2.2.2 dev
> next dev -p 3005 --port 3005

ready - started server on 0.0.0.0:3005, url: http://localhost:3005
info  - Loaded env from /var/www/zweler.com/chawkbazar/shop/.env
info  - Using webpack 5. Reason: Enabled by default https://nextjs.org/docs/messages/webpack5
warn  - Minimum recommended TypeScript version is v4.3.2, older versions can potentially be incompatible with Next.js. Detected: 4.2.4
> [PWA] PWA support is disabled
yarn run v1.22.19
warning From Yarn 1.0 onwards, scripts don't require "--" for options to be forwarded. In a future version, any explicit "--" will be forwarded as-is to the scripts.
error Command "--port" not found.
info Visit https://yarnpkg.com/en/docs/cli/run for documentation about this command.
yarn run v1.22.19
warning From Yarn 1.0 onwards, scripts don't require "--" for options to be forwarded. In a future version, any explicit "--" will be forwarded as-is to the scripts.
$ next dev -p 3005 --port 3005
Port 3005 is already in use.
error Command failed with exit code 1.
info Visit https://yarnpkg.com/en/docs/cli/run for documentation about this command.
yarn run v1.22.19
$ next start -p 3005 --port 3005
Error: listen EADDRINUSE: address already in use 0.0.0.0:3005
    at Server.setupListenHandle [as _listen2] (node:net:1463:16)
    at listenInCluster (node:net:1511:12)
    at doListen (node:net:1660:7)
    at processTicksAndRejections (node:internal/process/task_queues:84:21) {
  code: 'EADDRINUSE',
  errno: -98,
  syscall: 'listen',
  address: '0.0.0.0',
  port: 3005
}
error Command failed with exit code 1.
info Visit https://yarnpkg.com/en/docs/cli/run for documentation about this command.
yarn run v1.22.19
warning From Yarn 1.0 onwards, scripts don't require "--" for options to be forwarded. In a future version, any explicit "--" will be forwarded as-is to the scripts.
$ next dev -p 3005 --port 3005
Port 3005 is already in use.
error Command failed with exit code 1.
info Visit https://yarnpkg.com/en/docs/cli/run for documentation about this command.
